{"total": {"lines":{"total":1007,"covered":848,"skipped":0,"pct":84.21},"statements":{"total":1085,"covered":879,"skipped":0,"pct":81.01},"functions":{"total":204,"covered":168,"skipped":0,"pct":82.35},"branches":{"total":643,"covered":461,"skipped":0,"pct":71.69},"branchesTrue":{"total":0,"covered":0,"skipped":0,"pct":100}}
,"/home/quyettruong05/projects/qr-ordering-thesis/apps/api/src/app.ts": {"lines":{"total":18,"covered":15,"skipped":0,"pct":83.33},"functions":{"total":5,"covered":4,"skipped":0,"pct":80},"statements":{"total":19,"covered":16,"skipped":0,"pct":84.21},"branches":{"total":23,"covered":21,"skipped":0,"pct":91.3}}
,"/home/quyettruong05/projects/qr-ordering-thesis/apps/api/src/auth.ts": {"lines":{"total":2,"covered":2,"skipped":0,"pct":100},"functions":{"total":1,"covered":1,"skipped":0,"pct":100},"statements":{"total":2,"covered":2,"skipped":0,"pct":100},"branches":{"total":0,"covered":0,"skipped":0,"pct":100}}
,"/home/quyettruong05/projects/qr-ordering-thesis/apps/api/src/config.ts": {"lines":{"total":7,"covered":6,"skipped":0,"pct":85.71},"functions":{"total":1,"covered":1,"skipped":0,"pct":100},"statements":{"total":7,"covered":6,"skipped":0,"pct":85.71},"branches":{"total":13,"covered":9,"skipped":0,"pct":69.23}}
,"/home/quyettruong05/projects/qr-ordering-thesis/apps/api/src/modules/index.ts": {"lines":{"total":10,"covered":10,"skipped":0,"pct":100},"functions":{"total":1,"covered":1,"skipped":0,"pct":100},"statements":{"total":10,"covered":10,"skipped":0,"pct":100},"branches":{"total":1,"covered":1,"skipped":0,"pct":100}}
,"/home/quyettruong05/projects/qr-ordering-thesis/apps/api/src/modules/auth/index.ts": {"lines":{"total":71,"covered":68,"skipped":0,"pct":95.77},"functions":{"total":10,"covered":9,"skipped":0,"pct":90},"statements":{"total":76,"covered":71,"skipped":0,"pct":93.42},"branches":{"total":66,"covered":61,"skipped":0,"pct":92.42}}
,"/home/quyettruong05/projects/qr-ordering-thesis/apps/api/src/modules/auth/login-limiter.ts": {"lines":{"total":12,"covered":12,"skipped":0,"pct":100},"functions":{"total":3,"covered":3,"skipped":0,"pct":100},"statements":{"total":16,"covered":15,"skipped":0,"pct":93.75},"branches":{"total":16,"covered":15,"skipped":0,"pct":93.75}}
,"/home/quyettruong05/projects/qr-ordering-thesis/apps/api/src/modules/auth/session-cookies.ts": {"lines":{"total":9,"covered":9,"skipped":0,"pct":100},"functions":{"total":4,"covered":4,"skipped":0,"pct":100},"statements":{"total":10,"covered":10,"skipped":0,"pct":100},"branches":{"total":0,"covered":0,"skipped":0,"pct":100}}
,"/home/quyettruong05/projects/qr-ordering-thesis/apps/api/src/modules/auth/types.ts": {"lines":{"total":0,"covered":0,"skipped":0,"pct":100},"functions":{"total":0,"covered":0,"skipped":0,"pct":100},"statements":{"total":0,"covered":0,"skipped":0,"pct":100},"branches":{"total":0,"covered":0,"skipped":0,"pct":100}}
,"/home/quyettruong05/projects/qr-ordering-thesis/apps/api/src/modules/catalog/catalog.routes.ts": {"lines":{"total":74,"covered":45,"skipped":0,"pct":60.81},"functions":{"total":24,"covered":16,"skipped":0,"pct":66.66},"statements":{"total":79,"covered":47,"skipped":0,"pct":59.49},"branches":{"total":42,"covered":12,"skipped":0,"pct":28.57}}
,"/home/quyettruong05/projects/qr-ordering-thesis/apps/api/src/modules/catalog/qr-token.ts": {"lines":{"total":11,"covered":6,"skipped":0,"pct":54.54},"functions":{"total":3,"covered":2,"skipped":0,"pct":66.66},"statements":{"total":13,"covered":6,"skipped":0,"pct":46.15},"branches":{"total":4,"covered":1,"skipped":0,"pct":25}}
,"/home/quyettruong05/projects/qr-ordering-thesis/apps/api/src/modules/dining/dining.routes.ts": {"lines":{"total":111,"covered":79,"skipped":0,"pct":71.17},"functions":{"total":29,"covered":17,"skipped":0,"pct":58.62},"statements":{"total":119,"covered":81,"skipped":0,"pct":68.06},"branches":{"total":48,"covered":29,"skipped":0,"pct":60.41}}
,"/home/quyettruong05/projects/qr-ordering-thesis/apps/api/src/modules/finance/ledger.service.ts": {"lines":{"total":8,"covered":8,"skipped":0,"pct":100},"functions":{"total":2,"covered":2,"skipped":0,"pct":100},"statements":{"total":8,"covered":8,"skipped":0,"pct":100},"branches":{"total":6,"covered":6,"skipped":0,"pct":100}}
,"/home/quyettruong05/projects/qr-ordering-thesis/apps/api/src/modules/inventory/inventory.routes.ts": {"lines":{"total":52,"covered":50,"skipped":0,"pct":96.15},"functions":{"total":11,"covered":10,"skipped":0,"pct":90.9},"statements":{"total":56,"covered":51,"skipped":0,"pct":91.07},"branches":{"total":24,"covered":19,"skipped":0,"pct":79.16}}
,"/home/quyettruong05/projects/qr-ordering-thesis/apps/api/src/modules/inventory/inventory.service.ts": {"lines":{"total":25,"covered":25,"skipped":0,"pct":100},"functions":{"total":3,"covered":3,"skipped":0,"pct":100},"statements":{"total":28,"covered":25,"skipped":0,"pct":89.28},"branches":{"total":12,"covered":9,"skipped":0,"pct":75}}
,"/home/quyettruong05/projects/qr-ordering-thesis/apps/api/src/modules/notifications/maintenance.ts": {"lines":{"total":43,"covered":39,"skipped":0,"pct":90.69},"functions":{"total":11,"covered":8,"skipped":0,"pct":72.72},"statements":{"total":46,"covered":40,"skipped":0,"pct":86.95},"branches":{"total":10,"covered":5,"skipped":0,"pct":50}}
,"/home/quyettruong05/projects/qr-ordering-thesis/apps/api/src/modules/orders/cancellation.service.ts": {"lines":{"total":25,"covered":22,"skipped":0,"pct":88},"functions":{"total":1,"covered":1,"skipped":0,"pct":100},"statements":{"total":25,"covered":22,"skipped":0,"pct":88},"branches":{"total":18,"covered":15,"skipped":0,"pct":83.33}}
,"/home/quyettruong05/projects/qr-ordering-thesis/apps/api/src/modules/orders/orders.routes.ts": {"lines":{"total":76,"covered":66,"skipped":0,"pct":86.84},"functions":{"total":15,"covered":13,"skipped":0,"pct":86.66},"statements":{"total":82,"covered":69,"skipped":0,"pct":84.14},"branches":{"total":38,"covered":25,"skipped":0,"pct":65.78}}
,"/home/quyettruong05/projects/qr-ordering-thesis/apps/api/src/modules/orders/orders.service.ts": {"lines":{"total":78,"covered":67,"skipped":0,"pct":85.89},"functions":{"total":7,"covered":6,"skipped":0,"pct":85.71},"statements":{"total":87,"covered":70,"skipped":0,"pct":80.45},"branches":{"total":80,"covered":59,"skipped":0,"pct":73.75}}
,"/home/quyettruong05/projects/qr-ordering-thesis/apps/api/src/modules/payments/payments.routes.ts": {"lines":{"total":104,"covered":90,"skipped":0,"pct":86.53},"functions":{"total":18,"covered":15,"skipped":0,"pct":83.33},"statements":{"total":112,"covered":91,"skipped":0,"pct":81.25},"branches":{"total":44,"covered":29,"skipped":0,"pct":65.9}}
,"/home/quyettruong05/projects/qr-ordering-thesis/apps/api/src/modules/payments/webhooks.routes.ts": {"lines":{"total":62,"covered":52,"skipped":0,"pct":83.87},"functions":{"total":7,"covered":6,"skipped":0,"pct":85.71},"statements":{"total":65,"covered":53,"skipped":0,"pct":81.53},"branches":{"total":54,"covered":42,"skipped":0,"pct":77.77}}
,"/home/quyettruong05/projects/qr-ordering-thesis/apps/api/src/modules/risk/risk.routes.ts": {"lines":{"total":25,"covered":23,"skipped":0,"pct":92},"functions":{"total":4,"covered":4,"skipped":0,"pct":100},"statements":{"total":29,"covered":25,"skipped":0,"pct":86.2},"branches":{"total":16,"covered":11,"skipped":0,"pct":68.75}}
,"/home/quyettruong05/projects/qr-ordering-thesis/apps/api/src/modules/sessions/guest.routes.ts": {"lines":{"total":73,"covered":57,"skipped":0,"pct":78.08},"functions":{"total":15,"covered":13,"skipped":0,"pct":86.66},"statements":{"total":75,"covered":57,"skipped":0,"pct":76},"branches":{"total":28,"covered":14,"skipped":0,"pct":50}}
,"/home/quyettruong05/projects/qr-ordering-thesis/apps/api/src/modules/shared/core-persistence.ts": {"lines":{"total":58,"covered":49,"skipped":0,"pct":84.48},"functions":{"total":17,"covered":17,"skipped":0,"pct":100},"statements":{"total":66,"covered":55,"skipped":0,"pct":83.33},"branches":{"total":68,"covered":55,"skipped":0,"pct":80.88}}
,"/home/quyettruong05/projects/qr-ordering-thesis/apps/api/src/modules/shared/idempotency.ts": {"lines":{"total":12,"covered":11,"skipped":0,"pct":91.66},"functions":{"total":1,"covered":1,"skipped":0,"pct":100},"statements":{"total":14,"covered":12,"skipped":0,"pct":85.71},"branches":{"total":12,"covered":10,"skipped":0,"pct":83.33}}
,"/home/quyettruong05/projects/qr-ordering-thesis/apps/api/src/modules/staff-access/staff-access.routes.ts": {"lines":{"total":35,"covered":31,"skipped":0,"pct":88.57},"functions":{"total":7,"covered":7,"skipped":0,"pct":100},"statements":{"total":35,"covered":31,"skipped":0,"pct":88.57},"branches":{"total":20,"covered":13,"skipped":0,"pct":65}}
,"/home/quyettruong05/projects/qr-ordering-thesis/apps/api/src/modules/workspaces/routes.ts": {"lines":{"total":3,"covered":3,"skipped":0,"pct":100},"functions":{"total":2,"covered":2,"skipped":0,"pct":100},"statements":{"total":3,"covered":3,"skipped":0,"pct":100},"branches":{"total":0,"covered":0,"skipped":0,"pct":100}}
,"/home/quyettruong05/projects/qr-ordering-thesis/apps/api/src/shared/http-errors.ts": {"lines":{"total":3,"covered":3,"skipped":0,"pct":100},"functions":{"total":2,"covered":2,"skipped":0,"pct":100},"statements":{"total":3,"covered":3,"skipped":0,"pct":100},"branches":{"total":0,"covered":0,"skipped":0,"pct":100}}
}
